-------------------------------------------------------------------------------
Test set: TestSuite
-------------------------------------------------------------------------------
Tests run: 2, Failures: 1, Errors: 0, Skipped: 0, Time elapsed: 63.989 sec <<< FAILURE! - in TestSuite
testAmazonSearchFail(scripts.AmazonTest)  Time elapsed: 10.044 sec  <<< FAILURE!
java.lang.AssertionError: expected [true] but found [false]
	at scripts.AmazonTest.testAmazonSearchFail(AmazonTest.java:38)

